{"/home/girish/iitb2021/spring/CS387/CS387_Project_Backend/backend/db/index.js": {"path":"/home/girish/iitb2021/spring/CS387/CS387_Project_Backend/backend/db/index.js","statementMap":{"0":{"start":{"line":1,"column":0},"end":{"line":1,"column":27}},"1":{"start":{"line":2,"column":11},"end":{"line":2,"column":24}},"2":{"start":{"line":3,"column":18},"end":{"line":3,"column":35}},"3":{"start":{"line":4,"column":0},"end":{"line":4,"column":29}},"4":{"start":{"line":6,"column":0},"end":{"line":8,"column":1}},"5":{"start":{"line":7,"column":2},"end":{"line":7,"column":30}},"6":{"start":{"line":10,"column":0},"end":{"line":38,"column":1}},"7":{"start":{"line":12,"column":4},"end":{"line":12,"column":61}},"8":{"start":{"line":12,"column":58},"end":{"line":12,"column":59}},"9":{"start":{"line":15,"column":4},"end":{"line":15,"column":28}},"10":{"start":{"line":21,"column":4},"end":{"line":21,"column":45}},"11":{"start":{"line":22,"column":19},"end":{"line":22,"column":46}},"12":{"start":{"line":23,"column":4},"end":{"line":36,"column":5}},"13":{"start":{"line":24,"column":6},"end":{"line":24,"column":33}},"14":{"start":{"line":25,"column":19},"end":{"line":25,"column":40}},"15":{"start":{"line":26,"column":6},"end":{"line":28,"column":7}},"16":{"start":{"line":26,"column":16},"end":{"line":26,"column":17}},"17":{"start":{"line":27,"column":8},"end":{"line":27,"column":66}},"18":{"start":{"line":29,"column":6},"end":{"line":29,"column":35}},"19":{"start":{"line":30,"column":6},"end":{"line":30,"column":20}},"20":{"start":{"line":32,"column":6},"end":{"line":32,"column":36}},"21":{"start":{"line":33,"column":6},"end":{"line":33,"column":13}},"22":{"start":{"line":35,"column":6},"end":{"line":35,"column":22}}},"fnMap":{"0":{"name":"(anonymous_0)","decl":{"start":{"line":11,"column":9},"end":{"line":11,"column":10}},"loc":{"start":{"line":11,"column":33},"end":{"line":13,"column":3}},"line":11},"1":{"name":"(anonymous_1)","decl":{"start":{"line":12,"column":55},"end":{"line":12,"column":56}},"loc":{"start":{"line":12,"column":58},"end":{"line":12,"column":59}},"line":12},"2":{"name":"(anonymous_2)","decl":{"start":{"line":14,"column":13},"end":{"line":14,"column":14}},"loc":{"start":{"line":14,"column":25},"end":{"line":16,"column":3}},"line":14},"3":{"name":"(anonymous_3)","decl":{"start":{"line":18,"column":15},"end":{"line":18,"column":16}},"loc":{"start":{"line":18,"column":47},"end":{"line":37,"column":3}},"line":18}},"branchMap":{"0":{"loc":{"start":{"line":6,"column":0},"end":{"line":8,"column":1}},"type":"if","locations":[{"start":{"line":6,"column":0},"end":{"line":8,"column":1}},{"start":{},"end":{}}],"line":6}},"s":{"0":1,"1":1,"2":1,"3":1,"4":1,"5":1,"6":1,"7":3,"8":1,"9":1,"10":0,"11":0,"12":0,"13":0,"14":0,"15":0,"16":0,"17":0,"18":0,"19":0,"20":0,"21":0,"22":0},"f":{"0":3,"1":1,"2":1,"3":0},"b":{"0":[1,0]},"_coverageSchema":"1a1c01bbd47fc00a2c39e90264f33305004495a9","hash":"4205447ac30bea8fe26dd4b1f147ea41aa0a802c"}
,"/home/girish/iitb2021/spring/CS387/CS387_Project_Backend/backend/models/customer.register.js": {"path":"/home/girish/iitb2021/spring/CS387/CS387_Project_Backend/backend/models/customer.register.js","statementMap":{"0":{"start":{"line":1,"column":11},"end":{"line":1,"column":27}},"1":{"start":{"line":4,"column":18},"end":{"line":13,"column":5}},"2":{"start":{"line":14,"column":19},"end":{"line":14,"column":112}},"3":{"start":{"line":14,"column":110},"end":{"line":14,"column":111}},"4":{"start":{"line":15,"column":4},"end":{"line":15,"column":22}},"5":{"start":{"line":18,"column":0},"end":{"line":18,"column":28}}},"fnMap":{"0":{"name":"register","decl":{"start":{"line":3,"column":15},"end":{"line":3,"column":23}},"loc":{"start":{"line":3,"column":89},"end":{"line":16,"column":1}},"line":3},"1":{"name":"(anonymous_1)","decl":{"start":{"line":14,"column":107},"end":{"line":14,"column":108}},"loc":{"start":{"line":14,"column":110},"end":{"line":14,"column":111}},"line":14}},"branchMap":{},"s":{"0":1,"1":2,"2":2,"3":0,"4":2,"5":1},"f":{"0":2,"1":0},"b":{},"_coverageSchema":"1a1c01bbd47fc00a2c39e90264f33305004495a9","hash":"bad9bbea2428c26c095cebec770a3e0c0dc23a50"}
}
