{"/home/gaurav/Desktop/sem6/cs387/project/CS387_Project_Backend/backend/controllers/restaurant.controller.js": {"path":"/home/gaurav/Desktop/sem6/cs387/project/CS387_Project_Backend/backend/controllers/restaurant.controller.js","statementMap":{"0":{"start":{"line":1,"column":24},"end":{"line":1,"column":61}},"1":{"start":{"line":4,"column":4},"end":{"line":19,"column":5}},"2":{"start":{"line":24,"column":4},"end":{"line":26,"column":5}},"3":{"start":{"line":25,"column":8},"end":{"line":25,"column":34}},"4":{"start":{"line":27,"column":4},"end":{"line":29,"column":5}},"5":{"start":{"line":28,"column":8},"end":{"line":28,"column":34}},"6":{"start":{"line":30,"column":4},"end":{"line":41,"column":5}},"7":{"start":{"line":45,"column":4},"end":{"line":47,"column":5}},"8":{"start":{"line":46,"column":8},"end":{"line":46,"column":34}},"9":{"start":{"line":48,"column":4},"end":{"line":50,"column":5}},"10":{"start":{"line":49,"column":8},"end":{"line":49,"column":34}},"11":{"start":{"line":51,"column":4},"end":{"line":64,"column":5}},"12":{"start":{"line":68,"column":4},"end":{"line":70,"column":5}},"13":{"start":{"line":69,"column":8},"end":{"line":69,"column":34}},"14":{"start":{"line":71,"column":4},"end":{"line":73,"column":5}},"15":{"start":{"line":72,"column":8},"end":{"line":72,"column":34}},"16":{"start":{"line":74,"column":4},"end":{"line":83,"column":5}},"17":{"start":{"line":87,"column":4},"end":{"line":89,"column":5}},"18":{"start":{"line":88,"column":8},"end":{"line":88,"column":34}},"19":{"start":{"line":90,"column":4},"end":{"line":92,"column":5}},"20":{"start":{"line":91,"column":8},"end":{"line":91,"column":34}},"21":{"start":{"line":93,"column":4},"end":{"line":98,"column":5}},"22":{"start":{"line":101,"column":0},"end":{"line":101,"column":28}},"23":{"start":{"line":102,"column":0},"end":{"line":102,"column":26}},"24":{"start":{"line":103,"column":0},"end":{"line":103,"column":40}},"25":{"start":{"line":104,"column":0},"end":{"line":104,"column":44}},"26":{"start":{"line":105,"column":0},"end":{"line":105,"column":44}}},"fnMap":{"0":{"name":"register","decl":{"start":{"line":3,"column":15},"end":{"line":3,"column":23}},"loc":{"start":{"line":3,"column":37},"end":{"line":21,"column":1}},"line":3},"1":{"name":"add_item","decl":{"start":{"line":23,"column":15},"end":{"line":23,"column":23}},"loc":{"start":{"line":23,"column":37},"end":{"line":42,"column":1}},"line":23},"2":{"name":"update_details","decl":{"start":{"line":44,"column":15},"end":{"line":44,"column":29}},"loc":{"start":{"line":44,"column":43},"end":{"line":65,"column":1}},"line":44},"3":{"name":"update_food_item","decl":{"start":{"line":67,"column":15},"end":{"line":67,"column":31}},"loc":{"start":{"line":67,"column":45},"end":{"line":84,"column":1}},"line":67},"4":{"name":"delete_food_item","decl":{"start":{"line":86,"column":15},"end":{"line":86,"column":31}},"loc":{"start":{"line":86,"column":45},"end":{"line":99,"column":1}},"line":86}},"branchMap":{"0":{"loc":{"start":{"line":24,"column":4},"end":{"line":26,"column":5}},"type":"if","locations":[{"start":{"line":24,"column":4},"end":{"line":26,"column":5}},{"start":{},"end":{}}],"line":24},"1":{"loc":{"start":{"line":24,"column":7},"end":{"line":24,"column":39}},"type":"binary-expr","locations":[{"start":{"line":24,"column":8},"end":{"line":24,"column":17}},{"start":{"line":24,"column":23},"end":{"line":24,"column":38}}],"line":24},"2":{"loc":{"start":{"line":27,"column":4},"end":{"line":29,"column":5}},"type":"if","locations":[{"start":{"line":27,"column":4},"end":{"line":29,"column":5}},{"start":{},"end":{}}],"line":27},"3":{"loc":{"start":{"line":45,"column":4},"end":{"line":47,"column":5}},"type":"if","locations":[{"start":{"line":45,"column":4},"end":{"line":47,"column":5}},{"start":{},"end":{}}],"line":45},"4":{"loc":{"start":{"line":45,"column":7},"end":{"line":45,"column":39}},"type":"binary-expr","locations":[{"start":{"line":45,"column":8},"end":{"line":45,"column":17}},{"start":{"line":45,"column":23},"end":{"line":45,"column":38}}],"line":45},"5":{"loc":{"start":{"line":48,"column":4},"end":{"line":50,"column":5}},"type":"if","locations":[{"start":{"line":48,"column":4},"end":{"line":50,"column":5}},{"start":{},"end":{}}],"line":48},"6":{"loc":{"start":{"line":68,"column":4},"end":{"line":70,"column":5}},"type":"if","locations":[{"start":{"line":68,"column":4},"end":{"line":70,"column":5}},{"start":{},"end":{}}],"line":68},"7":{"loc":{"start":{"line":68,"column":7},"end":{"line":68,"column":39}},"type":"binary-expr","locations":[{"start":{"line":68,"column":8},"end":{"line":68,"column":17}},{"start":{"line":68,"column":23},"end":{"line":68,"column":38}}],"line":68},"8":{"loc":{"start":{"line":71,"column":4},"end":{"line":73,"column":5}},"type":"if","locations":[{"start":{"line":71,"column":4},"end":{"line":73,"column":5}},{"start":{},"end":{}}],"line":71},"9":{"loc":{"start":{"line":87,"column":4},"end":{"line":89,"column":5}},"type":"if","locations":[{"start":{"line":87,"column":4},"end":{"line":89,"column":5}},{"start":{},"end":{}}],"line":87},"10":{"loc":{"start":{"line":87,"column":7},"end":{"line":87,"column":39}},"type":"binary-expr","locations":[{"start":{"line":87,"column":8},"end":{"line":87,"column":17}},{"start":{"line":87,"column":23},"end":{"line":87,"column":38}}],"line":87},"11":{"loc":{"start":{"line":90,"column":4},"end":{"line":92,"column":5}},"type":"if","locations":[{"start":{"line":90,"column":4},"end":{"line":92,"column":5}},{"start":{},"end":{}}],"line":90}},"s":{"0":1,"1":2,"2":4,"3":1,"4":3,"5":1,"6":2,"7":6,"8":2,"9":4,"10":1,"11":3,"12":4,"13":1,"14":3,"15":1,"16":2,"17":4,"18":1,"19":3,"20":1,"21":2,"22":1,"23":1,"24":1,"25":1,"26":1},"f":{"0":2,"1":4,"2":6,"3":4,"4":4},"b":{"0":[1,3],"1":[4,3],"2":[1,2],"3":[2,4],"4":[6,5],"5":[1,3],"6":[1,3],"7":[4,3],"8":[1,2],"9":[1,3],"10":[4,3],"11":[1,2]},"_coverageSchema":"1a1c01bbd47fc00a2c39e90264f33305004495a9","hash":"f8a7e4724777366bec4530d22c7195781f73558d"}
,"/home/gaurav/Desktop/sem6/cs387/project/CS387_Project_Backend/backend/db/index.js": {"path":"/home/gaurav/Desktop/sem6/cs387/project/CS387_Project_Backend/backend/db/index.js","statementMap":{"0":{"start":{"line":1,"column":0},"end":{"line":1,"column":26}},"1":{"start":{"line":2,"column":11},"end":{"line":2,"column":24}},"2":{"start":{"line":3,"column":18},"end":{"line":3,"column":35}},"3":{"start":{"line":4,"column":0},"end":{"line":4,"column":29}},"4":{"start":{"line":6,"column":0},"end":{"line":8,"column":1}},"5":{"start":{"line":7,"column":2},"end":{"line":7,"column":30}},"6":{"start":{"line":10,"column":0},"end":{"line":44,"column":1}},"7":{"start":{"line":12,"column":4},"end":{"line":14,"column":5}},"8":{"start":{"line":13,"column":6},"end":{"line":13,"column":34}},"9":{"start":{"line":17,"column":4},"end":{"line":17,"column":61}},"10":{"start":{"line":17,"column":58},"end":{"line":17,"column":59}},"11":{"start":{"line":20,"column":4},"end":{"line":20,"column":28}},"12":{"start":{"line":21,"column":4},"end":{"line":21,"column":28}},"13":{"start":{"line":27,"column":4},"end":{"line":27,"column":45}},"14":{"start":{"line":28,"column":19},"end":{"line":28,"column":46}},"15":{"start":{"line":29,"column":4},"end":{"line":42,"column":5}},"16":{"start":{"line":30,"column":6},"end":{"line":30,"column":33}},"17":{"start":{"line":31,"column":19},"end":{"line":31,"column":40}},"18":{"start":{"line":32,"column":6},"end":{"line":34,"column":7}},"19":{"start":{"line":32,"column":16},"end":{"line":32,"column":17}},"20":{"start":{"line":33,"column":8},"end":{"line":33,"column":66}},"21":{"start":{"line":35,"column":6},"end":{"line":35,"column":35}},"22":{"start":{"line":36,"column":6},"end":{"line":36,"column":20}},"23":{"start":{"line":38,"column":6},"end":{"line":38,"column":36}},"24":{"start":{"line":39,"column":6},"end":{"line":39,"column":13}},"25":{"start":{"line":41,"column":6},"end":{"line":41,"column":22}}},"fnMap":{"0":{"name":"(anonymous_0)","decl":{"start":{"line":11,"column":8},"end":{"line":11,"column":9}},"loc":{"start":{"line":11,"column":14},"end":{"line":15,"column":3}},"line":11},"1":{"name":"(anonymous_1)","decl":{"start":{"line":16,"column":9},"end":{"line":16,"column":10}},"loc":{"start":{"line":16,"column":33},"end":{"line":18,"column":3}},"line":16},"2":{"name":"(anonymous_2)","decl":{"start":{"line":17,"column":55},"end":{"line":17,"column":56}},"loc":{"start":{"line":17,"column":58},"end":{"line":17,"column":59}},"line":17},"3":{"name":"(anonymous_3)","decl":{"start":{"line":19,"column":13},"end":{"line":19,"column":14}},"loc":{"start":{"line":19,"column":25},"end":{"line":22,"column":3}},"line":19},"4":{"name":"(anonymous_4)","decl":{"start":{"line":24,"column":15},"end":{"line":24,"column":16}},"loc":{"start":{"line":24,"column":47},"end":{"line":43,"column":3}},"line":24}},"branchMap":{"0":{"loc":{"start":{"line":6,"column":0},"end":{"line":8,"column":1}},"type":"if","locations":[{"start":{"line":6,"column":0},"end":{"line":8,"column":1}},{"start":{},"end":{}}],"line":6},"1":{"loc":{"start":{"line":12,"column":4},"end":{"line":14,"column":5}},"type":"if","locations":[{"start":{"line":12,"column":4},"end":{"line":14,"column":5}},{"start":{},"end":{}}],"line":12}},"s":{"0":1,"1":1,"2":1,"3":1,"4":1,"5":1,"6":1,"7":1,"8":0,"9":18,"10":1,"11":1,"12":1,"13":7,"14":7,"15":7,"16":7,"17":7,"18":7,"19":7,"20":14,"21":6,"22":6,"23":1,"24":1,"25":7},"f":{"0":1,"1":18,"2":1,"3":1,"4":7},"b":{"0":[1,0],"1":[0,1]},"_coverageSchema":"1a1c01bbd47fc00a2c39e90264f33305004495a9","hash":"e7f027cce6587d4974484300b0bb6f38a1f39c31"}
,"/home/gaurav/Desktop/sem6/cs387/project/CS387_Project_Backend/backend/models/restaurant.model.js": {"path":"/home/gaurav/Desktop/sem6/cs387/project/CS387_Project_Backend/backend/models/restaurant.model.js","statementMap":{"0":{"start":{"line":1,"column":11},"end":{"line":1,"column":27}},"1":{"start":{"line":58,"column":18},"end":{"line":65,"column":5}},"2":{"start":{"line":66,"column":19},"end":{"line":66,"column":185}},"3":{"start":{"line":66,"column":183},"end":{"line":66,"column":184}},"4":{"start":{"line":67,"column":4},"end":{"line":67,"column":22}},"5":{"start":{"line":71,"column":22},"end":{"line":73,"column":5}},"6":{"start":{"line":75,"column":4},"end":{"line":77,"column":5}},"7":{"start":{"line":79,"column":19},"end":{"line":79,"column":179}},"8":{"start":{"line":79,"column":177},"end":{"line":79,"column":178}},"9":{"start":{"line":80,"column":4},"end":{"line":80,"column":22}},"10":{"start":{"line":86,"column":22},"end":{"line":87,"column":5}},"11":{"start":{"line":88,"column":24},"end":{"line":88,"column":77}},"12":{"start":{"line":88,"column":75},"end":{"line":88,"column":76}},"13":{"start":{"line":89,"column":4},"end":{"line":96,"column":5}},"14":{"start":{"line":90,"column":8},"end":{"line":90,"column":33}},"15":{"start":{"line":91,"column":8},"end":{"line":91,"column":39}},"16":{"start":{"line":92,"column":8},"end":{"line":95,"column":9}},"17":{"start":{"line":93,"column":12},"end":{"line":93,"column":39}},"18":{"start":{"line":94,"column":12},"end":{"line":94,"column":20}},"19":{"start":{"line":97,"column":4},"end":{"line":108,"column":5}},"20":{"start":{"line":98,"column":8},"end":{"line":98,"column":27}},"21":{"start":{"line":100,"column":8},"end":{"line":100,"column":70}},"22":{"start":{"line":101,"column":8},"end":{"line":101,"column":54}},"23":{"start":{"line":102,"column":8},"end":{"line":102,"column":66}},"24":{"start":{"line":103,"column":8},"end":{"line":103,"column":70}},"25":{"start":{"line":104,"column":8},"end":{"line":104,"column":98}},"26":{"start":{"line":105,"column":8},"end":{"line":105,"column":102}},"27":{"start":{"line":106,"column":8},"end":{"line":106,"column":70}},"28":{"start":{"line":107,"column":8},"end":{"line":107,"column":74}},"29":{"start":{"line":109,"column":25},"end":{"line":111,"column":5}},"30":{"start":{"line":113,"column":25},"end":{"line":114,"column":62}},"31":{"start":{"line":116,"column":19},"end":{"line":116,"column":244}},"32":{"start":{"line":116,"column":242},"end":{"line":116,"column":243}},"33":{"start":{"line":117,"column":4},"end":{"line":117,"column":20}},"34":{"start":{"line":123,"column":22},"end":{"line":124,"column":5}},"35":{"start":{"line":125,"column":24},"end":{"line":125,"column":87}},"36":{"start":{"line":125,"column":85},"end":{"line":125,"column":86}},"37":{"start":{"line":126,"column":4},"end":{"line":133,"column":5}},"38":{"start":{"line":127,"column":8},"end":{"line":127,"column":27}},"39":{"start":{"line":129,"column":8},"end":{"line":129,"column":98}},"40":{"start":{"line":130,"column":8},"end":{"line":130,"column":50}},"41":{"start":{"line":131,"column":8},"end":{"line":131,"column":70}},"42":{"start":{"line":132,"column":8},"end":{"line":132,"column":102}},"43":{"start":{"line":134,"column":24},"end":{"line":135,"column":5}},"44":{"start":{"line":137,"column":19},"end":{"line":137,"column":180}},"45":{"start":{"line":137,"column":178},"end":{"line":137,"column":179}},"46":{"start":{"line":138,"column":4},"end":{"line":138,"column":20}},"47":{"start":{"line":155,"column":17},"end":{"line":156,"column":5}},"48":{"start":{"line":157,"column":19},"end":{"line":157,"column":91}},"49":{"start":{"line":157,"column":89},"end":{"line":157,"column":90}},"50":{"start":{"line":158,"column":4},"end":{"line":158,"column":20}},"51":{"start":{"line":161,"column":0},"end":{"line":161,"column":27}},"52":{"start":{"line":162,"column":0},"end":{"line":162,"column":25}},"53":{"start":{"line":163,"column":0},"end":{"line":163,"column":39}},"54":{"start":{"line":164,"column":0},"end":{"line":164,"column":43}},"55":{"start":{"line":165,"column":0},"end":{"line":165,"column":43}}},"fnMap":{"0":{"name":"register","decl":{"start":{"line":57,"column":15},"end":{"line":57,"column":23}},"loc":{"start":{"line":57,"column":162},"end":{"line":68,"column":1}},"line":57},"1":{"name":"(anonymous_1)","decl":{"start":{"line":66,"column":180},"end":{"line":66,"column":181}},"loc":{"start":{"line":66,"column":183},"end":{"line":66,"column":184}},"line":66},"2":{"name":"add_item","decl":{"start":{"line":70,"column":15},"end":{"line":70,"column":23}},"loc":{"start":{"line":70,"column":117},"end":{"line":81,"column":1}},"line":70},"3":{"name":"(anonymous_3)","decl":{"start":{"line":79,"column":174},"end":{"line":79,"column":175}},"loc":{"start":{"line":79,"column":177},"end":{"line":79,"column":178}},"line":79},"4":{"name":"update_details","decl":{"start":{"line":83,"column":15},"end":{"line":83,"column":29}},"loc":{"start":{"line":84,"column":0},"end":{"line":119,"column":1}},"line":84},"5":{"name":"(anonymous_5)","decl":{"start":{"line":88,"column":72},"end":{"line":88,"column":73}},"loc":{"start":{"line":88,"column":75},"end":{"line":88,"column":76}},"line":88},"6":{"name":"(anonymous_6)","decl":{"start":{"line":116,"column":239},"end":{"line":116,"column":240}},"loc":{"start":{"line":116,"column":242},"end":{"line":116,"column":243}},"line":116},"7":{"name":"update_food_item","decl":{"start":{"line":121,"column":15},"end":{"line":121,"column":31}},"loc":{"start":{"line":121,"column":106},"end":{"line":147,"column":1}},"line":121},"8":{"name":"(anonymous_8)","decl":{"start":{"line":125,"column":82},"end":{"line":125,"column":83}},"loc":{"start":{"line":125,"column":85},"end":{"line":125,"column":86}},"line":125},"9":{"name":"(anonymous_9)","decl":{"start":{"line":137,"column":175},"end":{"line":137,"column":176}},"loc":{"start":{"line":137,"column":178},"end":{"line":137,"column":179}},"line":137},"10":{"name":"delete_food_item","decl":{"start":{"line":149,"column":15},"end":{"line":149,"column":31}},"loc":{"start":{"line":149,"column":56},"end":{"line":159,"column":1}},"line":149},"11":{"name":"(anonymous_11)","decl":{"start":{"line":157,"column":86},"end":{"line":157,"column":87}},"loc":{"start":{"line":157,"column":89},"end":{"line":157,"column":90}},"line":157}},"branchMap":{"0":{"loc":{"start":{"line":89,"column":4},"end":{"line":96,"column":5}},"type":"if","locations":[{"start":{"line":89,"column":4},"end":{"line":96,"column":5}},{"start":{},"end":{}}],"line":89},"1":{"loc":{"start":{"line":89,"column":7},"end":{"line":89,"column":44}},"type":"binary-expr","locations":[{"start":{"line":89,"column":7},"end":{"line":89,"column":21}},{"start":{"line":89,"column":25},"end":{"line":89,"column":44}}],"line":89},"2":{"loc":{"start":{"line":92,"column":8},"end":{"line":95,"column":9}},"type":"if","locations":[{"start":{"line":92,"column":8},"end":{"line":95,"column":9}},{"start":{},"end":{}}],"line":92},"3":{"loc":{"start":{"line":92,"column":11},"end":{"line":92,"column":99}},"type":"binary-expr","locations":[{"start":{"line":92,"column":12},"end":{"line":92,"column":32}},{"start":{"line":92,"column":36},"end":{"line":92,"column":51}},{"start":{"line":92,"column":57},"end":{"line":92,"column":78}},{"start":{"line":92,"column":82},"end":{"line":92,"column":98}}],"line":92},"4":{"loc":{"start":{"line":97,"column":4},"end":{"line":108,"column":5}},"type":"if","locations":[{"start":{"line":97,"column":4},"end":{"line":108,"column":5}},{"start":{"line":99,"column":11},"end":{"line":108,"column":5}}],"line":97},"5":{"loc":{"start":{"line":100,"column":20},"end":{"line":100,"column":69}},"type":"cond-expr","locations":[{"start":{"line":100,"column":30},"end":{"line":100,"column":39}},{"start":{"line":100,"column":40},"end":{"line":100,"column":69}}],"line":100},"6":{"loc":{"start":{"line":101,"column":16},"end":{"line":101,"column":53}},"type":"cond-expr","locations":[{"start":{"line":101,"column":22},"end":{"line":101,"column":27}},{"start":{"line":101,"column":28},"end":{"line":101,"column":53}}],"line":101},"7":{"loc":{"start":{"line":102,"column":19},"end":{"line":102,"column":65}},"type":"cond-expr","locations":[{"start":{"line":102,"column":28},"end":{"line":102,"column":36}},{"start":{"line":102,"column":37},"end":{"line":102,"column":65}}],"line":102},"8":{"loc":{"start":{"line":103,"column":20},"end":{"line":103,"column":69}},"type":"cond-expr","locations":[{"start":{"line":103,"column":30},"end":{"line":103,"column":39}},{"start":{"line":103,"column":40},"end":{"line":103,"column":69}}],"line":103},"9":{"loc":{"start":{"line":104,"column":27},"end":{"line":104,"column":97}},"type":"cond-expr","locations":[{"start":{"line":104,"column":44},"end":{"line":104,"column":60}},{"start":{"line":104,"column":61},"end":{"line":104,"column":97}}],"line":104},"10":{"loc":{"start":{"line":105,"column":28},"end":{"line":105,"column":101}},"type":"cond-expr","locations":[{"start":{"line":105,"column":46},"end":{"line":105,"column":63}},{"start":{"line":105,"column":64},"end":{"line":105,"column":101}}],"line":105},"11":{"loc":{"start":{"line":106,"column":20},"end":{"line":106,"column":69}},"type":"cond-expr","locations":[{"start":{"line":106,"column":30},"end":{"line":106,"column":39}},{"start":{"line":106,"column":40},"end":{"line":106,"column":69}}],"line":106},"12":{"loc":{"start":{"line":107,"column":21},"end":{"line":107,"column":73}},"type":"cond-expr","locations":[{"start":{"line":107,"column":32},"end":{"line":107,"column":42}},{"start":{"line":107,"column":43},"end":{"line":107,"column":73}}],"line":107},"13":{"loc":{"start":{"line":126,"column":4},"end":{"line":133,"column":5}},"type":"if","locations":[{"start":{"line":126,"column":4},"end":{"line":133,"column":5}},{"start":{"line":128,"column":11},"end":{"line":133,"column":5}}],"line":126},"14":{"loc":{"start":{"line":129,"column":27},"end":{"line":129,"column":97}},"type":"cond-expr","locations":[{"start":{"line":129,"column":44},"end":{"line":129,"column":60}},{"start":{"line":129,"column":61},"end":{"line":129,"column":97}}],"line":129},"15":{"loc":{"start":{"line":130,"column":15},"end":{"line":130,"column":49}},"type":"cond-expr","locations":[{"start":{"line":130,"column":20},"end":{"line":130,"column":24}},{"start":{"line":130,"column":25},"end":{"line":130,"column":49}}],"line":130},"16":{"loc":{"start":{"line":131,"column":20},"end":{"line":131,"column":69}},"type":"cond-expr","locations":[{"start":{"line":131,"column":30},"end":{"line":131,"column":39}},{"start":{"line":131,"column":40},"end":{"line":131,"column":69}}],"line":131},"17":{"loc":{"start":{"line":132,"column":28},"end":{"line":132,"column":101}},"type":"cond-expr","locations":[{"start":{"line":132,"column":46},"end":{"line":132,"column":63}},{"start":{"line":132,"column":64},"end":{"line":132,"column":101}}],"line":132}},"s":{"0":1,"1":2,"2":2,"3":0,"4":2,"5":2,"6":2,"7":2,"8":1,"9":2,"10":3,"11":3,"12":0,"13":3,"14":1,"15":1,"16":1,"17":1,"18":1,"19":2,"20":0,"21":2,"22":2,"23":2,"24":2,"25":2,"26":2,"27":2,"28":2,"29":2,"30":2,"31":2,"32":0,"33":2,"34":2,"35":2,"36":0,"37":2,"38":1,"39":1,"40":1,"41":1,"42":1,"43":1,"44":1,"45":0,"46":1,"47":2,"48":2,"49":0,"50":2,"51":1,"52":1,"53":1,"54":1,"55":1},"f":{"0":2,"1":0,"2":2,"3":1,"4":3,"5":0,"6":0,"7":2,"8":0,"9":0,"10":2,"11":0},"b":{"0":[1,2],"1":[3,2],"2":[1,0],"3":[1,1,0,0],"4":[0,2],"5":[0,2],"6":[2,0],"7":[2,0],"8":[2,0],"9":[0,2],"10":[0,2],"11":[0,2],"12":[0,2],"13":[1,1],"14":[1,0],"15":[1,0],"16":[1,0],"17":[1,0]},"_coverageSchema":"1a1c01bbd47fc00a2c39e90264f33305004495a9","hash":"9ff6d94d1520f5e226121ac67e2b6dc867ee3444"}
}
