TN:
SF:controllers/auth.controller.js
FN:3,login
FNF:1
FNH:1
FNDA:2,login
DA:1,1
DA:4,2
DA:11,1
LF:3
LH:3
BRF:0
BRH:0
end_of_record
TN:
SF:controllers/customer.controller.js
FN:3,register
FNF:1
FNH:1
FNDA:3,register
DA:1,2
DA:4,3
DA:16,2
LF:3
LH:3
BRF:0
BRH:0
end_of_record
TN:
SF:db/index.js
FN:11,(anonymous_0)
FN:12,(anonymous_1)
FN:14,(anonymous_2)
FN:19,(anonymous_3)
FNF:4
FNH:3
FNDA:8,(anonymous_0)
FNDA:1,(anonymous_1)
FNDA:2,(anonymous_2)
FNDA:0,(anonymous_3)
DA:1,2
DA:2,2
DA:3,2
DA:4,2
DA:6,2
DA:7,2
DA:10,2
DA:12,8
DA:15,2
DA:16,2
DA:22,0
DA:23,0
DA:24,0
DA:25,0
DA:26,0
DA:27,0
DA:28,0
DA:30,0
DA:31,0
DA:33,0
DA:34,0
DA:36,0
LF:22
LH:10
BRDA:6,0,0,2
BRDA:6,0,1,0
BRF:2
BRH:1
end_of_record
TN:
SF:models/auth.js
FN:4,generateAccessToken
FN:8,authenticateToken
FN:13,(anonymous_2)
FNF:3
FNH:3
FNDA:1,generateAccessToken
FNDA:3,authenticateToken
FNDA:2,(anonymous_2)
DA:1,1
DA:2,1
DA:5,1
DA:9,3
DA:10,3
DA:12,3
DA:13,2
DA:15,2
DA:17,1
DA:19,1
DA:23,1
DA:24,1
LF:12
LH:12
BRDA:10,0,0,3
BRDA:10,0,1,3
BRDA:12,1,0,1
BRDA:12,1,1,2
BRDA:15,2,0,1
BRDA:15,2,1,1
BRF:6
BRH:6
end_of_record
TN:
SF:models/customer.register.js
FN:5,register
FN:17,(anonymous_1)
FNF:2
FNH:1
FNDA:3,register
FNDA:0,(anonymous_1)
DA:1,2
DA:3,2
DA:6,3
DA:17,3
DA:18,3
DA:21,2
LF:6
LH:6
BRF:0
BRH:0
end_of_record
TN:
SF:models/user.auth.js
FN:5,login
FN:9,(anonymous_1)
FN:9,(anonymous_2)
FNF:3
FNH:2
FNDA:2,login
FNDA:0,(anonymous_1)
FNDA:2,(anonymous_2)
DA:1,1
DA:2,1
DA:3,1
DA:6,2
DA:9,2
DA:10,2
DA:11,2
DA:12,1
DA:14,1
DA:18,1
LF:10
LH:10
BRDA:11,0,0,1
BRDA:11,0,1,1
BRF:2
BRH:2
end_of_record
