TN:
SF:controllers/restaurant.controller.js
FN:3,register
FN:23,add_item
FN:44,update_details
FN:65,update_food_item
FN:84,delete_food_item
FNF:5
FNH:5
FNDA:2,register
FNDA:4,add_item
FNDA:6,update_details
FNDA:4,update_food_item
FNDA:4,delete_food_item
DA:1,1
DA:4,2
DA:24,4
DA:25,1
DA:27,3
DA:28,1
DA:30,2
DA:45,6
DA:46,2
DA:48,4
DA:49,1
DA:51,3
DA:66,4
DA:67,1
DA:69,3
DA:70,1
DA:72,2
DA:85,4
DA:86,1
DA:88,3
DA:89,1
DA:91,2
DA:99,1
DA:100,1
DA:101,1
DA:102,1
DA:103,1
LF:27
LH:27
BRDA:24,0,0,1
BRDA:24,0,1,3
BRDA:24,1,0,4
BRDA:24,1,1,3
BRDA:27,2,0,1
BRDA:27,2,1,2
BRDA:45,3,0,2
BRDA:45,3,1,4
BRDA:45,4,0,6
BRDA:45,4,1,5
BRDA:48,5,0,1
BRDA:48,5,1,3
BRDA:66,6,0,1
BRDA:66,6,1,3
BRDA:66,7,0,4
BRDA:66,7,1,3
BRDA:69,8,0,1
BRDA:69,8,1,2
BRDA:85,9,0,1
BRDA:85,9,1,3
BRDA:85,10,0,4
BRDA:85,10,1,3
BRDA:88,11,0,1
BRDA:88,11,1,2
BRF:24
BRH:24
end_of_record
TN:
SF:db/index.js
FN:11,(anonymous_0)
FN:16,(anonymous_1)
FN:17,(anonymous_2)
FN:19,(anonymous_3)
FN:24,(anonymous_4)
FNF:5
FNH:5
FNDA:1,(anonymous_0)
FNDA:18,(anonymous_1)
FNDA:1,(anonymous_2)
FNDA:1,(anonymous_3)
FNDA:8,(anonymous_4)
DA:1,1
DA:2,1
DA:3,1
DA:4,1
DA:6,1
DA:7,1
DA:10,1
DA:12,1
DA:13,0
DA:17,18
DA:20,1
DA:21,1
DA:27,8
DA:28,8
DA:29,8
DA:30,8
DA:31,8
DA:32,8
DA:33,17
DA:35,6
DA:36,6
DA:38,2
DA:39,2
DA:41,8
LF:24
LH:23
BRDA:6,0,0,1
BRDA:6,0,1,0
BRDA:12,1,0,0
BRDA:12,1,1,1
BRF:4
BRH:2
end_of_record
TN:
SF:models/restaurant.model.js
FN:57,register
FN:66,(anonymous_1)
FN:70,add_item
FN:79,(anonymous_3)
FN:83,update_details
FN:88,(anonymous_5)
FN:115,(anonymous_6)
FN:120,update_food_item
FN:124,(anonymous_8)
FN:136,(anonymous_9)
FN:148,delete_food_item
FN:156,(anonymous_11)
FNF:12
FNH:7
FNDA:2,register
FNDA:0,(anonymous_1)
FNDA:2,add_item
FNDA:1,(anonymous_3)
FNDA:3,update_details
FNDA:0,(anonymous_5)
FNDA:1,(anonymous_6)
FNDA:2,update_food_item
FNDA:0,(anonymous_8)
FNDA:0,(anonymous_9)
FNDA:2,delete_food_item
FNDA:0,(anonymous_11)
DA:1,1
DA:58,2
DA:66,2
DA:67,2
DA:71,2
DA:75,2
DA:79,2
DA:80,2
DA:86,3
DA:88,3
DA:89,3
DA:90,1
DA:91,1
DA:92,0
DA:93,0
DA:96,3
DA:97,0
DA:99,3
DA:100,3
DA:101,3
DA:102,3
DA:103,3
DA:104,3
DA:105,3
DA:106,3
DA:108,3
DA:112,3
DA:115,3
DA:116,3
DA:122,2
DA:124,2
DA:125,2
DA:126,1
DA:128,1
DA:129,1
DA:130,1
DA:131,1
DA:133,1
DA:136,1
DA:137,1
DA:154,2
DA:156,2
DA:157,2
DA:160,1
DA:161,1
DA:162,1
DA:163,1
DA:164,1
LF:48
LH:45
BRDA:89,0,0,1
BRDA:89,0,1,2
BRDA:89,1,0,3
BRDA:89,1,1,2
BRDA:91,2,0,0
BRDA:91,2,1,1
BRDA:91,3,0,1
BRDA:91,3,1,0
BRDA:91,3,2,1
BRDA:91,3,3,0
BRDA:96,4,0,0
BRDA:96,4,1,3
BRDA:99,5,0,0
BRDA:99,5,1,3
BRDA:100,6,0,3
BRDA:100,6,1,0
BRDA:101,7,0,0
BRDA:101,7,1,3
BRDA:102,8,0,0
BRDA:102,8,1,3
BRDA:103,9,0,0
BRDA:103,9,1,3
BRDA:104,10,0,0
BRDA:104,10,1,3
BRDA:105,11,0,0
BRDA:105,11,1,3
BRDA:106,12,0,0
BRDA:106,12,1,3
BRDA:125,13,0,1
BRDA:125,13,1,1
BRDA:128,14,0,1
BRDA:128,14,1,0
BRDA:129,15,0,1
BRDA:129,15,1,0
BRDA:130,16,0,1
BRDA:130,16,1,0
BRDA:131,17,0,1
BRDA:131,17,1,0
BRF:38
BRH:22
end_of_record
